\BOOKMARK [1][-]{section*.2}{\376\377\000C\000o\000n\000t\000e\000n\000t\000s}{}% 1
\BOOKMARK [1][-]{section.1}{\376\377\000P\000r\000o\000b\000l\000e\000m\000\040\000B\000a\000c\000k\000g\000r\000o\000u\000n\000d}{}% 2
\BOOKMARK [1][-]{section.2}{\376\377\000R\000e\000s\000t\000a\000t\000e\000m\000e\000n\000t\000\040\000o\000f\000\040\000Q\000u\000e\000s\000t\000i\000o\000n\000s}{}% 3
\BOOKMARK [1][-]{section.3}{\376\377\000A\000s\000s\000u\000m\000p\000t\000i\000o\000n\000s\000\040\000a\000n\000d\000\040\000J\000u\000s\000t\000i\000f\000i\000c\000a\000t\000i\000o\000n\000s}{}% 4
\BOOKMARK [1][-]{section.4}{\376\377\000N\000o\000t\000a\000t\000i\000o\000n\000s}{}% 5
\BOOKMARK [1][-]{section.5}{\376\377\000M\000e\000t\000h\000o\000d\000o\000l\000o\000g\000y\000:\000\040\000P\000r\000o\000b\000l\000e\000m\000\040\0001}{}% 6
\BOOKMARK [2][-]{subsection.5.1}{\376\377\000O\000v\000e\000r\000v\000i\000e\000w}{section.5}% 7
\BOOKMARK [2][-]{subsection.5.2}{\376\377\000F\000a\000c\000t\000o\000r\000\040\000S\000e\000l\000e\000c\000t\000i\000o\000n\000\040\000a\000n\000d\000\040\000P\000r\000o\000j\000e\000c\000t\000i\000o\000n}{section.5}% 8
\BOOKMARK [2][-]{subsection.5.3}{\376\377\000M\000o\000d\000e\000l\000\040\0001}{section.5}% 9
\BOOKMARK [3][-]{subsubsection.5.3.1}{\376\377\000S\000t\000a\000g\000e\000\040\0001\000.\000\040\000R\000e\000d\000u\000c\000i\000n\000g\000\040\000V\000a\000r\000i\000a\000b\000l\000e\000s}{subsection.5.3}% 10
\BOOKMARK [3][-]{subsubsection.5.3.2}{\376\377\000S\000t\000a\000g\000e\000\040\0002\000.\000\040\000F\000i\000t\000\040\0003\000\040\000V\000a\000r\000i\000a\000b\000l\000e\000s\000\040\000i\000n\000t\000o\000\040\0001}{subsection.5.3}% 11
\BOOKMARK [3][-]{subsubsection.5.3.3}{\376\377\000S\000t\000a\000g\000e\000\040\0003\000.\000\040\000C\000o\000m\000p\000u\000t\000e\000\040\000t\000h\000e\000\040\000R\000e\000s\000u\000l\000t}{subsection.5.3}% 12
\BOOKMARK [2][-]{subsection.5.4}{\376\377\000M\000o\000d\000e\000l\000\040\0002}{section.5}% 13
\BOOKMARK [3][-]{subsubsection.5.4.1}{\376\377\000S\000t\000a\000g\000e\000\040\0001\000.\000\040\000P\000i\000c\000k\000i\000n\000g\000\040\0003\000\040\000V\000a\000r\000i\000a\000b\000l\000e\000s\000\040\000w\000i\000t\000h\000\040\000S\000t\000e\000p\000w\000i\000s\000e\000\040\000R\000e\000g\000r\000e\000s\000s\000i\000o\000n}{subsection.5.4}% 14
\BOOKMARK [3][-]{subsubsection.5.4.2}{\376\377\000S\000t\000a\000g\000e\000\040\0002\000.\000\040\000P\000r\000e\000d\000i\000c\000t\000i\000n\000g\000\040\000c\000\040\000w\000i\000t\000h\000\040\000S\000T\000I\000R\000P\000A\000T\000\040\000E\000q\000u\000a\000t\000i\000o\000n}{subsection.5.4}% 15
\BOOKMARK [2][-]{subsection.5.5}{\376\377\000M\000o\000d\000e\000l\000\040\0003}{section.5}% 16
\BOOKMARK [3][-]{subsubsection.5.5.1}{\376\377\000S\000t\000a\000g\000e\000\040\0001\000.\000\040\000C\000o\000n\000s\000i\000d\000e\000r\000i\000n\000g\000\040\000a\000\040\000D\000i\000f\000f\000e\000r\000e\000n\000t\000i\000a\000l\000\040\000E\000q\000u\000a\000t\000i\000o\000n\000\040\000M\000o\000d\000e\000l}{subsection.5.5}% 17
\BOOKMARK [3][-]{subsubsection.5.5.2}{\376\377\000S\000t\000a\000g\000e\000\040\0002\000.\000\040\000E\000s\000t\000a\000b\000l\000i\000s\000h\000i\000n\000g\000\040\000t\000h\000e\000\040\000F\000e\000e\000d\000b\000a\000c\000k\000\040\000F\000u\000n\000c\000t\000i\000o\000n\000s}{subsection.5.5}% 18
\BOOKMARK [3][-]{subsubsection.5.5.3}{\376\377\000S\000t\000a\000g\000e\000\040\0003\000.\000\040\000S\000o\000l\000v\000e\000\040\000t\000h\000e\000\040\000D\000i\000f\000f\000e\000r\000e\000n\000t\000i\000a\000l\000\040\000E\000q\000u\000a\000t\000i\000o\000n}{subsection.5.5}% 19
\BOOKMARK [1][-]{section.6}{\376\377\000M\000e\000t\000h\000o\000d\000o\000l\000o\000g\000y\000:\000\040\000P\000r\000o\000b\000l\000e\000m\000\040\0002}{}% 20
\BOOKMARK [2][-]{subsection.6.1}{\376\377\000M\000o\000d\000e\000l\000\040\0004\000:\000\040\000P\000r\000e\000d\000i\000c\000t\000i\000o\000n\000\040\000T\000e\000m\000p\000e\000r\000a\000t\000u\000r\000e\000\040\000T\000r\000e\000n\000d\000s}{section.6}% 21
\BOOKMARK [2][-]{subsection.6.2}{\376\377\000M\000o\000d\000e\000l\000\040\0005\000:\000\040\000M\000e\000a\000s\000u\000r\000i\000n\000g\000\040\000R\000e\000l\000a\000t\000i\000o\000n\000s\000h\000i\000p\000\040\000b\000e\000t\000w\000e\000e\000n\000\040\000T\000e\000m\000p\000e\000r\000a\000t\000u\000r\000e\000\040\000a\000n\000d\000\040\000C\000O\0002}{section.6}% 22
\BOOKMARK [3][-]{subsubsection.6.2.1}{\376\377\000Q\000u\000a\000l\000i\000t\000a\000t\000i\000v\000e\000\040\000A\000n\000a\000l\000y\000s\000i\000s}{subsection.6.2}% 23
\BOOKMARK [3][-]{subsubsection.6.2.2}{\376\377\000Q\000u\000a\000n\000t\000i\000t\000a\000t\000i\000v\000e\000\040\000A\000n\000a\000l\000y\000s\000i\000s}{subsection.6.2}% 24
\BOOKMARK [1][-]{section.7}{\376\377\000M\000o\000d\000e\000l\000\040\000C\000o\000m\000p\000a\000r\000i\000s\000o\000n\000\040\000a\000n\000d\000\040\000E\000v\000a\000l\000u\000a\000t\000i\000o\000n}{}% 25
\BOOKMARK [1][-]{section.8}{\376\377\000S\000t\000r\000e\000n\000g\000t\000h\000s\000\040\000a\000n\000d\000\040\000W\000e\000a\000k\000n\000e\000s\000s\000e\000s}{}% 26
\BOOKMARK [1][-]{section.9}{\376\377\000C\000o\000n\000c\000l\000u\000s\000i\000o\000n}{}% 27
\BOOKMARK [1][-]{section*.34}{\376\377\000R\000e\000f\000e\000r\000e\000n\000c\000e\000s}{}% 28
